Using pre-set license
Built from '2020.3/release' branch; Version is '2020.3.27f1 (e759542391ea) revision 15161684'; Using compiler version '192528614'; Build Type 'Release'
OS: 'Windows 10  (10.0.19044) 64bit Core' Language: 'en' Physical Memory: 32543 MB
BatchMode: 1, IsHumanControllingUs: 0, StartBugReporterOnCrash: 0, Is64bit: 1, IsPro: 0

COMMAND LINE ARGUMENTS:
C:\Program Files\Unity\Hub\Editor\2020.3.27f1\Editor\Unity.exe
-adb2
-batchMode
-noUpm
-name
AssetImportWorker0
-projectPath
C:/Users/manny/Desktop/GitFolder/CMPM121/HW1/Homework 1 - cmpm122
-logFile
Logs/AssetImportWorker0.log
-srvPort
58688
Successfully changed project path to: C:/Users/manny/Desktop/GitFolder/CMPM121/HW1/Homework 1 - cmpm122
C:/Users/manny/Desktop/GitFolder/CMPM121/HW1/Homework 1 - cmpm122
Using Asset Import Pipeline V2.
Refreshing native plugins compatible for Editor in 45.06 ms, found 2 plugins.
Preloading 0 native plugins for Editor in 0.00 ms.
Initialize engine version: 2020.3.27f1 (e759542391ea)
[Subsystems] Discovering subsystems at path C:/Program Files/Unity/Hub/Editor/2020.3.27f1/Editor/Data/Resources/UnitySubsystems
[Subsystems] Discovering subsystems at path C:/Users/manny/Desktop/GitFolder/CMPM121/HW1/Homework 1 - cmpm122/Assets
GfxDevice: creating device client; threaded=0
Direct3D:
    Version:  Direct3D 11.0 [level 11.1]
    Renderer: NVIDIA GeForce RTX 3080 (ID=0x2206)
    Vendor:   
    VRAM:     10078 MB
    Driver:   31.0.15.1694
Initialize mono
Mono path[0] = 'C:/Program Files/Unity/Hub/Editor/2020.3.27f1/Editor/Data/Managed'
Mono path[1] = 'C:/Program Files/Unity/Hub/Editor/2020.3.27f1/Editor/Data/MonoBleedingEdge/lib/mono/unityjit'
Mono config path = 'C:/Program Files/Unity/Hub/Editor/2020.3.27f1/Editor/Data/MonoBleedingEdge/etc'
Using monoOptions --debugger-agent=transport=dt_socket,embedding=1,server=y,suspend=n,address=127.0.0.1:56416
Begin MonoManager ReloadAssembly
Registering precompiled unity dll's ...
Register platform support module: C:/Program Files/Unity/Hub/Editor/2020.3.27f1/Editor/Data/PlaybackEngines/WebGLSupport/UnityEditor.WebGL.Extensions.dll
Register platform support module: C:/Program Files/Unity/Hub/Editor/2020.3.27f1/Editor/Data/PlaybackEngines/MacStandaloneSupport/UnityEditor.OSXStandalone.Extensions.dll
Register platform support module: C:/Program Files/Unity/Hub/Editor/2020.3.27f1/Editor/Data/PlaybackEngines/WindowsStandaloneSupport/UnityEditor.WindowsStandalone.Extensions.dll
Registered in 0.002230 seconds.
Native extension for WindowsStandalone target not found
Native extension for OSXStandalone target not found
Native extension for WebGL target not found
Refreshing native plugins compatible for Editor in 44.36 ms, found 2 plugins.
Preloading 0 native plugins for Editor in 0.00 ms.
Mono: successfully reloaded assembly
- Completed reload, in  0.459 seconds
Domain Reload Profiling:
	ReloadAssembly (459ms)
		BeginReloadAssembly (51ms)
			ExecutionOrderSort (0ms)
			DisableScriptedObjects (0ms)
			BackupInstance (0ms)
			ReleaseScriptingObjects (0ms)
			CreateAndSetChildDomain (1ms)
		EndReloadAssembly (353ms)
			LoadAssemblies (50ms)
			RebuildTransferFunctionScriptingTraits (0ms)
			SetupTypeCache (114ms)
			ReleaseScriptCaches (0ms)
			RebuildScriptCaches (22ms)
			SetupLoadedEditorAssemblies (144ms)
				LogAssemblyErrors (0ms)
				InitializePlatformSupportModulesInManaged (5ms)
				SetLoadedEditorAssemblies (0ms)
				RefreshPlugins (44ms)
				BeforeProcessingInitializeOnLoad (9ms)
				ProcessInitializeOnLoadAttributes (63ms)
				ProcessInitializeOnLoadMethodAttributes (21ms)
				AfterProcessingInitializeOnLoad (0ms)
				EditorAssembliesLoaded (0ms)
			ExecutionOrderSort2 (0ms)
			AwakeInstancesAfterBackupRestoration (0ms)
Platform modules already initialized, skipping
Registering precompiled user dll's ...
Registered in 0.003951 seconds.
Begin MonoManager ReloadAssembly
Native extension for WindowsStandalone target not found
Native extension for OSXStandalone target not found
Native extension for WebGL target not found
Refreshing native plugins compatible for Editor in 44.82 ms, found 2 plugins.
Preloading 0 native plugins for Editor in 0.00 ms.
Mono: successfully reloaded assembly
- Completed reload, in  0.876 seconds
Domain Reload Profiling:
	ReloadAssembly (877ms)
		BeginReloadAssembly (117ms)
			ExecutionOrderSort (0ms)
			DisableScriptedObjects (4ms)
			BackupInstance (0ms)
			ReleaseScriptingObjects (0ms)
			CreateAndSetChildDomain (15ms)
		EndReloadAssembly (713ms)
			LoadAssemblies (77ms)
			RebuildTransferFunctionScriptingTraits (0ms)
			SetupTypeCache (240ms)
			ReleaseScriptCaches (0ms)
			RebuildScriptCaches (38ms)
			SetupLoadedEditorAssemblies (278ms)
				LogAssemblyErrors (0ms)
				InitializePlatformSupportModulesInManaged (4ms)
				SetLoadedEditorAssemblies (0ms)
				RefreshPlugins (45ms)
				BeforeProcessingInitializeOnLoad (69ms)
				ProcessInitializeOnLoadAttributes (147ms)
				ProcessInitializeOnLoadMethodAttributes (7ms)
				AfterProcessingInitializeOnLoad (6ms)
				EditorAssembliesLoaded (0ms)
			ExecutionOrderSort2 (0ms)
			AwakeInstancesAfterBackupRestoration (5ms)
Platform modules already initialized, skipping
========================================================================
Worker process is ready to serve import requests
Launched and connected shader compiler UnityShaderCompiler.exe after 0.03 seconds
Refreshing native plugins compatible for Editor in 0.49 ms, found 2 plugins.
Preloading 0 native plugins for Editor in 0.00 ms.
Unloading 2815 Unused Serialized files (Serialized files now loaded: 0)
System memory in use before: 128.9 MB.
System memory in use after: 129.1 MB.

Unloading 20 unused Assets to reduce memory usage. Loaded Objects now: 3254.
Total: 2.407000 ms (FindLiveObjects: 0.198500 ms CreateObjectMapping: 0.119800 ms MarkObjects: 2.000700 ms  DeleteObjects: 0.087300 ms)

AssetImportParameters requested are different than current active one (requested -> active):
  custom:framework-win-MediaFoundation: 216162199b28c13a410421893ffa2e32 -> 
  custom:video-decoder-ogg-theora: a1e56fd34408186e4bbccfd4996cb3dc -> 
  custom:container-muxer-webm: aa71ff27fc2769a1b78a27578f13a17b -> 
  custom:container-demuxer-webm: 4f35f7cbe854078d1ac9338744f61a02 -> 
  custom:container-demuxer-ogg: 62fdf1f143b41e24485cea50d1cbac27 -> 
  custom:video-encoder-webm-vp8: eb34c28f22e8b96e1ab97ce403110664 -> 
  custom:video-codec-MediaFoundation-h265: 746d11721c4dcdbdad8f713fa42b33f4 -> 
  custom:video-decoder-webm-vp8: 9c59270c3fd7afecdb556c50c9e8de78 -> 
  custom:audio-decoder-ogg-vorbis: bf7c407c2cedff20999df2af8eb42d56 -> 
  custom:audio-encoder-webm-vorbis: bf7c407c2cedff20999df2af8eb42d56 -> 
========================================================================
Received Import Request.
  path: Assets/Shaders/Shader Graphs_New Shader Graph.mat
  artifactKey: Guid(4ea3ff583f40742439df675f7e6abb4d) Importer(815301076,1909f56bfc062723c751e8b465ee728b)
Start importing Assets/Shaders/Shader Graphs_New Shader Graph.mat using Guid(4ea3ff583f40742439df675f7e6abb4d) Importer(815301076,1909f56bfc062723c751e8b465ee728b)  -> (artifact id: 'db519e93710ed685443ae7f2e19f2f48') in 0.170806 seconds 
  Import took 0.174568 seconds .

========================================================================
Received Prepare
Refreshing native plugins compatible for Editor in 2.95 ms, found 2 plugins.
Preloading 0 native plugins for Editor in 0.00 ms.
Unloading 13 Unused Serialized files (Serialized files now loaded: 0)
System memory in use before: 73.2 MB.
System memory in use after: 73.4 MB.

Unloading 13 unused Assets to reduce memory usage. Loaded Objects now: 3359.
Total: 2.697900 ms (FindLiveObjects: 0.196200 ms CreateObjectMapping: 0.115100 ms MarkObjects: 2.377400 ms  DeleteObjects: 0.008700 ms)

AssetImportParameters requested are different than current active one (requested -> active):
  custom:framework-win-MediaFoundation: 216162199b28c13a410421893ffa2e32 -> 
  custom:video-decoder-ogg-theora: a1e56fd34408186e4bbccfd4996cb3dc -> 
  custom:container-muxer-webm: aa71ff27fc2769a1b78a27578f13a17b -> 
  custom:container-demuxer-webm: 4f35f7cbe854078d1ac9338744f61a02 -> 
  custom:container-demuxer-ogg: 62fdf1f143b41e24485cea50d1cbac27 -> 
  custom:video-encoder-webm-vp8: eb34c28f22e8b96e1ab97ce403110664 -> 
  custom:video-codec-MediaFoundation-h265: 746d11721c4dcdbdad8f713fa42b33f4 -> 
  custom:video-decoder-webm-vp8: 9c59270c3fd7afecdb556c50c9e8de78 -> 
  custom:audio-decoder-ogg-vorbis: bf7c407c2cedff20999df2af8eb42d56 -> 
  custom:audio-encoder-webm-vorbis: bf7c407c2cedff20999df2af8eb42d56 -> 
========================================================================
Received Import Request.
  Time since last request: 2.401862 seconds.
  path: Assets/Shaders/New Material.mat
  artifactKey: Guid(93041ac3657447649a799aab7a5c4aee) Importer(815301076,1909f56bfc062723c751e8b465ee728b)
Start importing Assets/Shaders/New Material.mat using Guid(93041ac3657447649a799aab7a5c4aee) Importer(815301076,1909f56bfc062723c751e8b465ee728b)  -> (artifact id: '7e458955fcdf617db4e629722bfaae9c') in 0.015259 seconds 
  Import took 0.018808 seconds .

========================================================================
Received Prepare
Registering precompiled user dll's ...
Registered in 0.004515 seconds.
Begin MonoManager ReloadAssembly
Native extension for WindowsStandalone target not found
Native extension for OSXStandalone target not found
Native extension for WebGL target not found
Refreshing native plugins compatible for Editor in 0.47 ms, found 2 plugins.
Preloading 0 native plugins for Editor in 0.00 ms.
Mono: successfully reloaded assembly
- Completed reload, in  0.919 seconds
Domain Reload Profiling:
	ReloadAssembly (919ms)
		BeginReloadAssembly (111ms)
			ExecutionOrderSort (0ms)
			DisableScriptedObjects (5ms)
			BackupInstance (0ms)
			ReleaseScriptingObjects (0ms)
			CreateAndSetChildDomain (32ms)
		EndReloadAssembly (759ms)
			LoadAssemblies (79ms)
			RebuildTransferFunctionScriptingTraits (0ms)
			SetupTypeCache (255ms)
			ReleaseScriptCaches (1ms)
			RebuildScriptCaches (33ms)
			SetupLoadedEditorAssemblies (282ms)
				LogAssemblyErrors (0ms)
				InitializePlatformSupportModulesInManaged (4ms)
				SetLoadedEditorAssemblies (0ms)
				RefreshPlugins (1ms)
				BeforeProcessingInitializeOnLoad (82ms)
				ProcessInitializeOnLoadAttributes (180ms)
				ProcessInitializeOnLoadMethodAttributes (8ms)
				AfterProcessingInitializeOnLoad (6ms)
				EditorAssembliesLoaded (0ms)
			ExecutionOrderSort2 (0ms)
			AwakeInstancesAfterBackupRestoration (16ms)
Platform modules already initialized, skipping
Refreshing native plugins compatible for Editor in 0.74 ms, found 2 plugins.
Preloading 0 native plugins for Editor in 0.00 ms.
Unloading 2703 Unused Serialized files (Serialized files now loaded: 0)
System memory in use before: 126.9 MB.
System memory in use after: 127.1 MB.

Unloading 15 unused Assets to reduce memory usage. Loaded Objects now: 3334.
Total: 2.653100 ms (FindLiveObjects: 0.282300 ms CreateObjectMapping: 0.167000 ms MarkObjects: 2.188700 ms  DeleteObjects: 0.013900 ms)

AssetImportParameters requested are different than current active one (requested -> active):
  custom:framework-win-MediaFoundation: 216162199b28c13a410421893ffa2e32 -> 
  custom:video-decoder-ogg-theora: a1e56fd34408186e4bbccfd4996cb3dc -> 
  custom:container-muxer-webm: aa71ff27fc2769a1b78a27578f13a17b -> 
  custom:container-demuxer-webm: 4f35f7cbe854078d1ac9338744f61a02 -> 
  custom:container-demuxer-ogg: 62fdf1f143b41e24485cea50d1cbac27 -> 
  custom:video-encoder-webm-vp8: eb34c28f22e8b96e1ab97ce403110664 -> 
  custom:video-codec-MediaFoundation-h265: 746d11721c4dcdbdad8f713fa42b33f4 -> 
  custom:video-decoder-webm-vp8: 9c59270c3fd7afecdb556c50c9e8de78 -> 
  custom:audio-decoder-ogg-vorbis: bf7c407c2cedff20999df2af8eb42d56 -> 
  custom:audio-encoder-webm-vorbis: bf7c407c2cedff20999df2af8eb42d56 -> 
========================================================================
Received Prepare
Registering precompiled user dll's ...
Registered in 0.003955 seconds.
Begin MonoManager ReloadAssembly
Native extension for WindowsStandalone target not found
Native extension for OSXStandalone target not found
Native extension for WebGL target not found
Refreshing native plugins compatible for Editor in 0.50 ms, found 2 plugins.
Preloading 0 native plugins for Editor in 0.00 ms.
Mono: successfully reloaded assembly
- Completed reload, in  0.876 seconds
Domain Reload Profiling:
	ReloadAssembly (876ms)
		BeginReloadAssembly (96ms)
			ExecutionOrderSort (0ms)
			DisableScriptedObjects (4ms)
			BackupInstance (0ms)
			ReleaseScriptingObjects (0ms)
			CreateAndSetChildDomain (28ms)
		EndReloadAssembly (730ms)
			LoadAssemblies (80ms)
			RebuildTransferFunctionScriptingTraits (0ms)
			SetupTypeCache (252ms)
			ReleaseScriptCaches (1ms)
			RebuildScriptCaches (32ms)
			SetupLoadedEditorAssemblies (259ms)
				LogAssemblyErrors (0ms)
				InitializePlatformSupportModulesInManaged (4ms)
				SetLoadedEditorAssemblies (1ms)
				RefreshPlugins (1ms)
				BeforeProcessingInitializeOnLoad (77ms)
				ProcessInitializeOnLoadAttributes (162ms)
				ProcessInitializeOnLoadMethodAttributes (8ms)
				AfterProcessingInitializeOnLoad (6ms)
				EditorAssembliesLoaded (0ms)
			ExecutionOrderSort2 (0ms)
			AwakeInstancesAfterBackupRestoration (13ms)
Platform modules already initialized, skipping
Refreshing native plugins compatible for Editor in 0.56 ms, found 2 plugins.
Preloading 0 native plugins for Editor in 0.00 ms.
Unloading 2703 Unused Serialized files (Serialized files now loaded: 0)
System memory in use before: 126.9 MB.
System memory in use after: 127.2 MB.

Unloading 15 unused Assets to reduce memory usage. Loaded Objects now: 3336.
Total: 3.816400 ms (FindLiveObjects: 0.320600 ms CreateObjectMapping: 0.318600 ms MarkObjects: 3.151000 ms  DeleteObjects: 0.024800 ms)

AssetImportParameters requested are different than current active one (requested -> active):
  custom:framework-win-MediaFoundation: 216162199b28c13a410421893ffa2e32 -> 
  custom:video-decoder-ogg-theora: a1e56fd34408186e4bbccfd4996cb3dc -> 
  custom:container-muxer-webm: aa71ff27fc2769a1b78a27578f13a17b -> 
  custom:container-demuxer-webm: 4f35f7cbe854078d1ac9338744f61a02 -> 
  custom:container-demuxer-ogg: 62fdf1f143b41e24485cea50d1cbac27 -> 
  custom:video-encoder-webm-vp8: eb34c28f22e8b96e1ab97ce403110664 -> 
  custom:video-codec-MediaFoundation-h265: 746d11721c4dcdbdad8f713fa42b33f4 -> 
  custom:video-decoder-webm-vp8: 9c59270c3fd7afecdb556c50c9e8de78 -> 
  custom:audio-decoder-ogg-vorbis: bf7c407c2cedff20999df2af8eb42d56 -> 
  custom:audio-encoder-webm-vorbis: bf7c407c2cedff20999df2af8eb42d56 -> 
========================================================================
Received Import Request.
  Time since last request: 710.875999 seconds.
  path: Assets/Shaders/Shader Graphs_New Shader Graph.mat
  artifactKey: Guid(4ea3ff583f40742439df675f7e6abb4d) Importer(815301076,1909f56bfc062723c751e8b465ee728b)
Start importing Assets/Shaders/Shader Graphs_New Shader Graph.mat using Guid(4ea3ff583f40742439df675f7e6abb4d) Importer(815301076,1909f56bfc062723c751e8b465ee728b)  -> (artifact id: '5c9e3968f2883763169a7cba7b922eb3') in 0.141850 seconds 
  Import took 0.146017 seconds .

========================================================================
Received Prepare
Registering precompiled user dll's ...
Registered in 0.004047 seconds.
Begin MonoManager ReloadAssembly
Native extension for WindowsStandalone target not found
Native extension for OSXStandalone target not found
Native extension for WebGL target not found
Refreshing native plugins compatible for Editor in 0.48 ms, found 2 plugins.
Preloading 0 native plugins for Editor in 0.00 ms.
Mono: successfully reloaded assembly
- Completed reload, in  0.831 seconds
Domain Reload Profiling:
	ReloadAssembly (831ms)
		BeginReloadAssembly (95ms)
			ExecutionOrderSort (0ms)
			DisableScriptedObjects (5ms)
			BackupInstance (0ms)
			ReleaseScriptingObjects (0ms)
			CreateAndSetChildDomain (29ms)
		EndReloadAssembly (688ms)
			LoadAssemblies (77ms)
			RebuildTransferFunctionScriptingTraits (0ms)
			SetupTypeCache (243ms)
			ReleaseScriptCaches (1ms)
			RebuildScriptCaches (30ms)
			SetupLoadedEditorAssemblies (238ms)
				LogAssemblyErrors (0ms)
				InitializePlatformSupportModulesInManaged (4ms)
				SetLoadedEditorAssemblies (0ms)
				RefreshPlugins (1ms)
				BeforeProcessingInitializeOnLoad (69ms)
				ProcessInitializeOnLoadAttributes (151ms)
				ProcessInitializeOnLoadMethodAttributes (7ms)
				AfterProcessingInitializeOnLoad (6ms)
				EditorAssembliesLoaded (0ms)
			ExecutionOrderSort2 (0ms)
			AwakeInstancesAfterBackupRestoration (13ms)
Platform modules already initialized, skipping
Refreshing native plugins compatible for Editor in 0.48 ms, found 2 plugins.
Preloading 0 native plugins for Editor in 0.00 ms.
Unloading 2703 Unused Serialized files (Serialized files now loaded: 0)
System memory in use before: 127.1 MB.
System memory in use after: 127.3 MB.

Unloading 15 unused Assets to reduce memory usage. Loaded Objects now: 3374.
Total: 2.480000 ms (FindLiveObjects: 0.221300 ms CreateObjectMapping: 0.130400 ms MarkObjects: 2.113800 ms  DeleteObjects: 0.014000 ms)

AssetImportParameters requested are different than current active one (requested -> active):
  custom:framework-win-MediaFoundation: 216162199b28c13a410421893ffa2e32 -> 
  custom:video-decoder-ogg-theora: a1e56fd34408186e4bbccfd4996cb3dc -> 
  custom:container-muxer-webm: aa71ff27fc2769a1b78a27578f13a17b -> 
  custom:container-demuxer-webm: 4f35f7cbe854078d1ac9338744f61a02 -> 
  custom:container-demuxer-ogg: 62fdf1f143b41e24485cea50d1cbac27 -> 
  custom:video-encoder-webm-vp8: eb34c28f22e8b96e1ab97ce403110664 -> 
  custom:video-codec-MediaFoundation-h265: 746d11721c4dcdbdad8f713fa42b33f4 -> 
  custom:video-decoder-webm-vp8: 9c59270c3fd7afecdb556c50c9e8de78 -> 
  custom:audio-decoder-ogg-vorbis: bf7c407c2cedff20999df2af8eb42d56 -> 
  custom:audio-encoder-webm-vorbis: bf7c407c2cedff20999df2af8eb42d56 -> 
========================================================================
Received Prepare
Registering precompiled user dll's ...
Registered in 0.003846 seconds.
Begin MonoManager ReloadAssembly
Native extension for WindowsStandalone target not found
Native extension for OSXStandalone target not found
Native extension for WebGL target not found
Refreshing native plugins compatible for Editor in 0.91 ms, found 2 plugins.
Preloading 0 native plugins for Editor in 0.00 ms.
Mono: successfully reloaded assembly
- Completed reload, in  0.811 seconds
Domain Reload Profiling:
	ReloadAssembly (812ms)
		BeginReloadAssembly (91ms)
			ExecutionOrderSort (0ms)
			DisableScriptedObjects (4ms)
			BackupInstance (0ms)
			ReleaseScriptingObjects (0ms)
			CreateAndSetChildDomain (26ms)
		EndReloadAssembly (673ms)
			LoadAssemblies (76ms)
			RebuildTransferFunctionScriptingTraits (0ms)
			SetupTypeCache (233ms)
			ReleaseScriptCaches (1ms)
			RebuildScriptCaches (31ms)
			SetupLoadedEditorAssemblies (234ms)
				LogAssemblyErrors (0ms)
				InitializePlatformSupportModulesInManaged (6ms)
				SetLoadedEditorAssemblies (1ms)
				RefreshPlugins (1ms)
				BeforeProcessingInitializeOnLoad (74ms)
				ProcessInitializeOnLoadAttributes (139ms)
				ProcessInitializeOnLoadMethodAttributes (8ms)
				AfterProcessingInitializeOnLoad (6ms)
				EditorAssembliesLoaded (0ms)
			ExecutionOrderSort2 (0ms)
			AwakeInstancesAfterBackupRestoration (13ms)
Platform modules already initialized, skipping
Refreshing native plugins compatible for Editor in 0.52 ms, found 2 plugins.
Preloading 0 native plugins for Editor in 0.00 ms.
Unloading 2703 Unused Serialized files (Serialized files now loaded: 0)
System memory in use before: 127.1 MB.
System memory in use after: 127.3 MB.

Unloading 15 unused Assets to reduce memory usage. Loaded Objects now: 3376.
Total: 2.371800 ms (FindLiveObjects: 0.192900 ms CreateObjectMapping: 0.107400 ms MarkObjects: 2.059500 ms  DeleteObjects: 0.011200 ms)

AssetImportParameters requested are different than current active one (requested -> active):
  custom:framework-win-MediaFoundation: 216162199b28c13a410421893ffa2e32 -> 
  custom:video-decoder-ogg-theora: a1e56fd34408186e4bbccfd4996cb3dc -> 
  custom:container-muxer-webm: aa71ff27fc2769a1b78a27578f13a17b -> 
  custom:container-demuxer-webm: 4f35f7cbe854078d1ac9338744f61a02 -> 
  custom:container-demuxer-ogg: 62fdf1f143b41e24485cea50d1cbac27 -> 
  custom:video-encoder-webm-vp8: eb34c28f22e8b96e1ab97ce403110664 -> 
  custom:video-codec-MediaFoundation-h265: 746d11721c4dcdbdad8f713fa42b33f4 -> 
  custom:video-decoder-webm-vp8: 9c59270c3fd7afecdb556c50c9e8de78 -> 
  custom:audio-decoder-ogg-vorbis: bf7c407c2cedff20999df2af8eb42d56 -> 
  custom:audio-encoder-webm-vorbis: bf7c407c2cedff20999df2af8eb42d56 -> 
========================================================================
Received Prepare
Registering precompiled user dll's ...
Registered in 0.003899 seconds.
Begin MonoManager ReloadAssembly
Native extension for WindowsStandalone target not found
Native extension for OSXStandalone target not found
Native extension for WebGL target not found
Refreshing native plugins compatible for Editor in 0.55 ms, found 2 plugins.
Preloading 0 native plugins for Editor in 0.00 ms.
Mono: successfully reloaded assembly
- Completed reload, in  0.831 seconds
Domain Reload Profiling:
	ReloadAssembly (832ms)
		BeginReloadAssembly (90ms)
			ExecutionOrderSort (0ms)
			DisableScriptedObjects (4ms)
			BackupInstance (0ms)
			ReleaseScriptingObjects (0ms)
			CreateAndSetChildDomain (25ms)
		EndReloadAssembly (695ms)
			LoadAssemblies (75ms)
			RebuildTransferFunctionScriptingTraits (0ms)
			SetupTypeCache (236ms)
			ReleaseScriptCaches (1ms)
			RebuildScriptCaches (32ms)
			SetupLoadedEditorAssemblies (250ms)
				LogAssemblyErrors (0ms)
				InitializePlatformSupportModulesInManaged (4ms)
				SetLoadedEditorAssemblies (1ms)
				RefreshPlugins (1ms)
				BeforeProcessingInitializeOnLoad (71ms)
				ProcessInitializeOnLoadAttributes (160ms)
				ProcessInitializeOnLoadMethodAttributes (7ms)
				AfterProcessingInitializeOnLoad (6ms)
				EditorAssembliesLoaded (0ms)
			ExecutionOrderSort2 (0ms)
			AwakeInstancesAfterBackupRestoration (13ms)
Platform modules already initialized, skipping
Refreshing native plugins compatible for Editor in 0.52 ms, found 2 plugins.
Preloading 0 native plugins for Editor in 0.00 ms.
Unloading 2703 Unused Serialized files (Serialized files now loaded: 0)
System memory in use before: 127.1 MB.
System memory in use after: 127.3 MB.

Unloading 15 unused Assets to reduce memory usage. Loaded Objects now: 3378.
Total: 2.689700 ms (FindLiveObjects: 0.239500 ms CreateObjectMapping: 0.146000 ms MarkObjects: 2.286900 ms  DeleteObjects: 0.016300 ms)

AssetImportParameters requested are different than current active one (requested -> active):
  custom:framework-win-MediaFoundation: 216162199b28c13a410421893ffa2e32 -> 
  custom:video-decoder-ogg-theora: a1e56fd34408186e4bbccfd4996cb3dc -> 
  custom:container-muxer-webm: aa71ff27fc2769a1b78a27578f13a17b -> 
  custom:container-demuxer-webm: 4f35f7cbe854078d1ac9338744f61a02 -> 
  custom:container-demuxer-ogg: 62fdf1f143b41e24485cea50d1cbac27 -> 
  custom:video-encoder-webm-vp8: eb34c28f22e8b96e1ab97ce403110664 -> 
  custom:video-codec-MediaFoundation-h265: 746d11721c4dcdbdad8f713fa42b33f4 -> 
  custom:video-decoder-webm-vp8: 9c59270c3fd7afecdb556c50c9e8de78 -> 
  custom:audio-decoder-ogg-vorbis: bf7c407c2cedff20999df2af8eb42d56 -> 
  custom:audio-encoder-webm-vorbis: bf7c407c2cedff20999df2af8eb42d56 -> 
========================================================================
Received Import Request.
  Time since last request: 7584.412572 seconds.
  path: Assets/Flashlight/Flashlight_Gold
  artifactKey: Guid(ee7c64208f84606499a8d6039f1fa598) Importer(815301076,1909f56bfc062723c751e8b465ee728b)
Start importing Assets/Flashlight/Flashlight_Gold using Guid(ee7c64208f84606499a8d6039f1fa598) Importer(815301076,1909f56bfc062723c751e8b465ee728b)  -> (artifact id: 'c052868cbda73be1235c04d720378090') in 0.009198 seconds 
  Import took 0.013473 seconds .

========================================================================
Received Import Request.
  Time since last request: 0.046268 seconds.
  path: Assets/Flashlight/Flashlight_Gold/Flashlight.prefab
  artifactKey: Guid(d86ca2f4159e6a942abd8dfc52b38395) Importer(815301076,1909f56bfc062723c751e8b465ee728b)
Start importing Assets/Flashlight/Flashlight_Gold/Flashlight.prefab using Guid(d86ca2f4159e6a942abd8dfc52b38395) Importer(815301076,1909f56bfc062723c751e8b465ee728b)  -> (artifact id: '81e8357be19e77af3964a65b609be5d2') in 0.248070 seconds 
  Import took 0.252105 seconds .

========================================================================
Received Import Request.
  Time since last request: 0.000142 seconds.
  path: Assets/Flashlight/Flashlight_Gold/FlashlightColor.prefab
  artifactKey: Guid(ae07f5a7e50d802419d96b04791e8cc0) Importer(815301076,1909f56bfc062723c751e8b465ee728b)
Start importing Assets/Flashlight/Flashlight_Gold/FlashlightColor.prefab using Guid(ae07f5a7e50d802419d96b04791e8cc0) Importer(815301076,1909f56bfc062723c751e8b465ee728b)  -> (artifact id: '95173d13a38498d015594b5a1034b17e') in 0.022188 seconds 
  Import took 0.026296 seconds .

========================================================================
Received Import Request.
  Time since last request: 24.013729 seconds.
  path: Assets/Flashlight/Materials
  artifactKey: Guid(7ca321a86db50254f8a1c8d5e222a8f0) Importer(815301076,1909f56bfc062723c751e8b465ee728b)
Start importing Assets/Flashlight/Materials using Guid(7ca321a86db50254f8a1c8d5e222a8f0) Importer(815301076,1909f56bfc062723c751e8b465ee728b)  -> (artifact id: '9fbe5cc12347d0ed3c565100f20021a0') in 0.004703 seconds 
  Import took 0.008365 seconds .

========================================================================
Received Import Request.
  Time since last request: 0.039662 seconds.
  path: Assets/Flashlight/Materials/FlashlightBaseMaterial.mat
  artifactKey: Guid(930adfdfdd9fafd469ffb427a452359d) Importer(815301076,1909f56bfc062723c751e8b465ee728b)
Start importing Assets/Flashlight/Materials/FlashlightBaseMaterial.mat using Guid(930adfdfdd9fafd469ffb427a452359d) Importer(815301076,1909f56bfc062723c751e8b465ee728b)  -> (artifact id: 'dce5d302a078061d19617c55092ce2d1') in 0.023728 seconds 
  Import took 0.027455 seconds .

========================================================================
Received Import Request.
  Time since last request: 0.000135 seconds.
  path: Assets/Flashlight/Materials/FlashlightBulbMaterial.mat
  artifactKey: Guid(bb59d9535c521eb48994e16487f7b2b9) Importer(815301076,1909f56bfc062723c751e8b465ee728b)
Start importing Assets/Flashlight/Materials/FlashlightBulbMaterial.mat using Guid(bb59d9535c521eb48994e16487f7b2b9) Importer(815301076,1909f56bfc062723c751e8b465ee728b)  -> (artifact id: 'bd63dee9ac085302768f17337a0fb0e7') in 0.008931 seconds 
  Import took 0.012131 seconds .

========================================================================
Received Import Request.
  Time since last request: 0.000167 seconds.
  path: Assets/Flashlight/Materials/FlashlightReflectorMaterial.mat
  artifactKey: Guid(0eb0f996ba805c34c9e5dc4df46deb6b) Importer(815301076,1909f56bfc062723c751e8b465ee728b)
Start importing Assets/Flashlight/Materials/FlashlightReflectorMaterial.mat using Guid(0eb0f996ba805c34c9e5dc4df46deb6b) Importer(815301076,1909f56bfc062723c751e8b465ee728b)  -> (artifact id: '235b80f8dbe7bacb85ac98e74c6c8406') in 0.009637 seconds 
  Import took 0.012900 seconds .

========================================================================
Received Import Request.
  Time since last request: 0.000174 seconds.
  path: Assets/Flashlight/Materials/GreyMaterial.mat
  artifactKey: Guid(0dadad7847eae04468663f7258d176b7) Importer(815301076,1909f56bfc062723c751e8b465ee728b)
Start importing Assets/Flashlight/Materials/GreyMaterial.mat using Guid(0dadad7847eae04468663f7258d176b7) Importer(815301076,1909f56bfc062723c751e8b465ee728b)  -> (artifact id: 'ca01816cf0aae4ea571bdf10c8740f56') in 0.008648 seconds 
  Import took 0.011965 seconds .

========================================================================
Received Import Request.
  Time since last request: 0.000188 seconds.
  path: Assets/Flashlight/Materials/Sky.mat
  artifactKey: Guid(408ca907d469b494bbeeb603ab9e8527) Importer(815301076,1909f56bfc062723c751e8b465ee728b)
Start importing Assets/Flashlight/Materials/Sky.mat using Guid(408ca907d469b494bbeeb603ab9e8527) Importer(815301076,1909f56bfc062723c751e8b465ee728b)  -> (artifact id: '0ca055f869af96b781fb32172cf56bcd') in 0.070237 seconds 
  Import took 0.073508 seconds .

========================================================================
Received Import Request.
  Time since last request: 0.000203 seconds.
  path: Assets/Flashlight/Materials/FlashlightLensMaterial.mat
  artifactKey: Guid(140db2315bb006848a12d719229080a3) Importer(815301076,1909f56bfc062723c751e8b465ee728b)
Start importing Assets/Flashlight/Materials/FlashlightLensMaterial.mat using Guid(140db2315bb006848a12d719229080a3) Importer(815301076,1909f56bfc062723c751e8b465ee728b)  -> (artifact id: '239456b349ae6e8b3a135654aa0b127e') in 0.012741 seconds 
  Import took 0.016038 seconds .

========================================================================
Received Import Request.
  Time since last request: 380.254315 seconds.
  path: Assets/Flashlight/Flashlight_Gold/Materials
  artifactKey: Guid(5a2f5ccbbc4b37642a5a0125e8aa8fdf) Importer(815301076,1909f56bfc062723c751e8b465ee728b)
Start importing Assets/Flashlight/Flashlight_Gold/Materials using Guid(5a2f5ccbbc4b37642a5a0125e8aa8fdf) Importer(815301076,1909f56bfc062723c751e8b465ee728b)  -> (artifact id: 'fad01256e015c427d24071deab3891b1') in 0.004895 seconds 
  Import took 0.009181 seconds .

========================================================================
Received Import Request.
  Time since last request: 0.557504 seconds.
  path: Assets/Flashlight/Flashlight_Gold/Materials/FlashlightBaseMaterialColor.mat
  artifactKey: Guid(e413ebf855bf78c45b56f8cd788f0dfb) Importer(815301076,1909f56bfc062723c751e8b465ee728b)
Start importing Assets/Flashlight/Flashlight_Gold/Materials/FlashlightBaseMaterialColor.mat using Guid(e413ebf855bf78c45b56f8cd788f0dfb) Importer(815301076,1909f56bfc062723c751e8b465ee728b)  -> (artifact id: 'a9acca1063f98504c149a70f15f9815f') in 0.022025 seconds 
  Import took 0.025944 seconds .

========================================================================
Received Prepare
Registering precompiled user dll's ...
Registered in 0.004134 seconds.
Begin MonoManager ReloadAssembly
Native extension for WindowsStandalone target not found
Native extension for OSXStandalone target not found
Native extension for WebGL target not found
Refreshing native plugins compatible for Editor in 0.51 ms, found 2 plugins.
Preloading 0 native plugins for Editor in 0.00 ms.
Mono: successfully reloaded assembly
- Completed reload, in  0.812 seconds
Domain Reload Profiling:
	ReloadAssembly (812ms)
		BeginReloadAssembly (99ms)
			ExecutionOrderSort (0ms)
			DisableScriptedObjects (5ms)
			BackupInstance (0ms)
			ReleaseScriptingObjects (0ms)
			CreateAndSetChildDomain (31ms)
		EndReloadAssembly (667ms)
			LoadAssemblies (78ms)
			RebuildTransferFunctionScriptingTraits (0ms)
			SetupTypeCache (230ms)
			ReleaseScriptCaches (1ms)
			RebuildScriptCaches (30ms)
			SetupLoadedEditorAssemblies (231ms)
				LogAssemblyErrors (0ms)
				InitializePlatformSupportModulesInManaged (4ms)
				SetLoadedEditorAssemblies (0ms)
				RefreshPlugins (1ms)
				BeforeProcessingInitializeOnLoad (69ms)
				ProcessInitializeOnLoadAttributes (145ms)
				ProcessInitializeOnLoadMethodAttributes (7ms)
				AfterProcessingInitializeOnLoad (5ms)
				EditorAssembliesLoaded (0ms)
			ExecutionOrderSort2 (0ms)
			AwakeInstancesAfterBackupRestoration (13ms)
Platform modules already initialized, skipping
Refreshing native plugins compatible for Editor in 0.46 ms, found 2 plugins.
Preloading 0 native plugins for Editor in 0.00 ms.
Unloading 2703 Unused Serialized files (Serialized files now loaded: 0)
System memory in use before: 127.7 MB.
System memory in use after: 127.9 MB.

Unloading 15 unused Assets to reduce memory usage. Loaded Objects now: 3417.
Total: 2.607300 ms (FindLiveObjects: 0.228100 ms CreateObjectMapping: 0.112800 ms MarkObjects: 2.252700 ms  DeleteObjects: 0.013000 ms)

AssetImportParameters requested are different than current active one (requested -> active):
  custom:framework-win-MediaFoundation: 216162199b28c13a410421893ffa2e32 -> 
  custom:video-decoder-ogg-theora: a1e56fd34408186e4bbccfd4996cb3dc -> 
  custom:container-muxer-webm: aa71ff27fc2769a1b78a27578f13a17b -> 
  custom:container-demuxer-webm: 4f35f7cbe854078d1ac9338744f61a02 -> 
  custom:container-demuxer-ogg: 62fdf1f143b41e24485cea50d1cbac27 -> 
  custom:video-encoder-webm-vp8: eb34c28f22e8b96e1ab97ce403110664 -> 
  custom:video-codec-MediaFoundation-h265: 746d11721c4dcdbdad8f713fa42b33f4 -> 
  custom:video-decoder-webm-vp8: 9c59270c3fd7afecdb556c50c9e8de78 -> 
  custom:audio-decoder-ogg-vorbis: bf7c407c2cedff20999df2af8eb42d56 -> 
  custom:audio-encoder-webm-vorbis: bf7c407c2cedff20999df2af8eb42d56 -> 
========================================================================
Received Import Request.
  Time since last request: 252.052560 seconds.
  path: Assets/Flashlight/Flashlight_Gold/Materials/FlashlightBaseMaterialColor.mat
  artifactKey: Guid(e413ebf855bf78c45b56f8cd788f0dfb) Importer(815301076,1909f56bfc062723c751e8b465ee728b)
Start importing Assets/Flashlight/Flashlight_Gold/Materials/FlashlightBaseMaterialColor.mat using Guid(e413ebf855bf78c45b56f8cd788f0dfb) Importer(815301076,1909f56bfc062723c751e8b465ee728b)  -> (artifact id: 'ec35ed08512a8c06979d76c994ecd6b5') in 0.143641 seconds 
  Import took 0.147708 seconds .

========================================================================
Received Import Request.
  Time since last request: 125.977001 seconds.
  path: Assets/MisoStudioSpaceships/Models/BlueBull.fbx
  artifactKey: Guid(37c207c8cc5c148039684b9323528dba) Importer(815301076,1909f56bfc062723c751e8b465ee728b)
Start importing Assets/MisoStudioSpaceships/Models/BlueBull.fbx using Guid(37c207c8cc5c148039684b9323528dba) Importer(815301076,1909f56bfc062723c751e8b465ee728b)  -> (artifact id: 'f11770a3967ca9ee5e566c94c02ba50d') in 0.064984 seconds 
  Import took 0.069187 seconds .

========================================================================
Received Import Request.
  Time since last request: 0.000131 seconds.
  path: Assets/MisoStudioSpaceships/Models/PrototypeZero.fbx
  artifactKey: Guid(85ed974e9d1064b089cff63f0b574ec2) Importer(815301076,1909f56bfc062723c751e8b465ee728b)
Start importing Assets/MisoStudioSpaceships/Models/PrototypeZero.fbx using Guid(85ed974e9d1064b089cff63f0b574ec2) Importer(815301076,1909f56bfc062723c751e8b465ee728b)  -> (artifact id: 'a9e54175e144058da58c8e13411ebe3a') in 0.044723 seconds 
  Import took 0.048199 seconds .

========================================================================
Received Import Request.
  Time since last request: 0.000160 seconds.
  path: Assets/MisoStudioSpaceships/Models/IceBlades.fbx
  artifactKey: Guid(86e8b97b6d8d3465d851b89623a7dee3) Importer(815301076,1909f56bfc062723c751e8b465ee728b)
Start importing Assets/MisoStudioSpaceships/Models/IceBlades.fbx using Guid(86e8b97b6d8d3465d851b89623a7dee3) Importer(815301076,1909f56bfc062723c751e8b465ee728b)  -> (artifact id: '39d82e8d2bee3c097696b45c40a6ea73') in 0.020310 seconds 
  Import took 0.023630 seconds .

========================================================================
Received Import Request.
  Time since last request: 0.000145 seconds.
  path: Assets/MisoStudioSpaceships/Models/Tanker.fbx
  artifactKey: Guid(64b8f88b416ae41a09698320b11a9eb2) Importer(815301076,1909f56bfc062723c751e8b465ee728b)
Start importing Assets/MisoStudioSpaceships/Models/Tanker.fbx using Guid(64b8f88b416ae41a09698320b11a9eb2) Importer(815301076,1909f56bfc062723c751e8b465ee728b)  -> (artifact id: '4229270cea72c36e293d1f6d3dafe00f') in 0.020022 seconds 
  Import took 0.023868 seconds .

========================================================================
Received Import Request.
  Time since last request: 0.000164 seconds.
  path: Assets/MisoStudioSpaceships/Models/Rocker.fbx
  artifactKey: Guid(d7fcbff04d2a74555be8772f47c0f0de) Importer(815301076,1909f56bfc062723c751e8b465ee728b)
Start importing Assets/MisoStudioSpaceships/Models/Rocker.fbx using Guid(d7fcbff04d2a74555be8772f47c0f0de) Importer(815301076,1909f56bfc062723c751e8b465ee728b)  -> (artifact id: '2e87311b948ab16fa5bd58c893e2e9fb') in 0.025100 seconds 
  Import took 0.028924 seconds .

========================================================================
Received Import Request.
  Time since last request: 7.545999 seconds.
  path: Assets/SkyBox/back 1.png
  artifactKey: Guid(303be5844db793a448404688a4b456cf) Importer(815301076,1909f56bfc062723c751e8b465ee728b)
Start importing Assets/SkyBox/back 1.png using Guid(303be5844db793a448404688a4b456cf) Importer(815301076,1909f56bfc062723c751e8b465ee728b)  -> (artifact id: 'bf8df773da56bf528470ffe8c9bcb5a5') in 0.036635 seconds 
  Import took 0.040031 seconds .

========================================================================
Received Import Request.
  Time since last request: 0.000139 seconds.
  path: Assets/SkyBox/bottom.png
  artifactKey: Guid(71eb196e12b55c14c8db4039a3de109d) Importer(815301076,1909f56bfc062723c751e8b465ee728b)
Start importing Assets/SkyBox/bottom.png using Guid(71eb196e12b55c14c8db4039a3de109d) Importer(815301076,1909f56bfc062723c751e8b465ee728b)  -> (artifact id: '513bbdba23fb048277ef5f808d9bf16b') in 0.018003 seconds 
  Import took 0.021186 seconds .

========================================================================
Received Import Request.
  Time since last request: 0.000134 seconds.
  path: Assets/SkyBox/bottom 1.png
  artifactKey: Guid(dc036375774bad844aa422177a8612c2) Importer(815301076,1909f56bfc062723c751e8b465ee728b)
Start importing Assets/SkyBox/bottom 1.png using Guid(dc036375774bad844aa422177a8612c2) Importer(815301076,1909f56bfc062723c751e8b465ee728b)  -> (artifact id: 'acde20340f3ddf49e6d9b6c36b8cdba7') in 0.018739 seconds 
  Import took 0.022353 seconds .

========================================================================
Received Import Request.
  Time since last request: 0.000152 seconds.
  path: Assets/SkyBox/left.png
  artifactKey: Guid(a0e53b64d41291f4d86784608a98b9e2) Importer(815301076,1909f56bfc062723c751e8b465ee728b)
Start importing Assets/SkyBox/left.png using Guid(a0e53b64d41291f4d86784608a98b9e2) Importer(815301076,1909f56bfc062723c751e8b465ee728b)  -> (artifact id: 'bb16357d9ac2e64cf75f37642c028856') in 0.015591 seconds 
  Import took 0.018888 seconds .

========================================================================
Received Import Request.
  Time since last request: 0.000173 seconds.
  path: Assets/SkyBox/top.png
  artifactKey: Guid(969edd1af5b54fd40890e50bbebd1290) Importer(815301076,1909f56bfc062723c751e8b465ee728b)
Start importing Assets/SkyBox/top.png using Guid(969edd1af5b54fd40890e50bbebd1290) Importer(815301076,1909f56bfc062723c751e8b465ee728b)  -> (artifact id: '2ec782cab5719b34a8f59431cbd8c127') in 0.018032 seconds 
  Import took 0.021511 seconds .

========================================================================
Received Import Request.
  Time since last request: 0.000185 seconds.
  path: Assets/SkyBox/back 2.png
  artifactKey: Guid(a6aa41994ec155f4daed68aee42a54a3) Importer(815301076,1909f56bfc062723c751e8b465ee728b)
Start importing Assets/SkyBox/back 2.png using Guid(a6aa41994ec155f4daed68aee42a54a3) Importer(815301076,1909f56bfc062723c751e8b465ee728b)  -> (artifact id: 'dd8a0b5b94b94d8a75484cd58c7c59d1') in 0.009725 seconds 
  Import took 0.013424 seconds .

========================================================================
Received Import Request.
  Time since last request: 0.000217 seconds.
  path: Assets/SkyBox/SkyBox.mat
  artifactKey: Guid(7808f712645577b4db16feacbfad1dcb) Importer(815301076,1909f56bfc062723c751e8b465ee728b)
Start importing Assets/SkyBox/SkyBox.mat using Guid(7808f712645577b4db16feacbfad1dcb) Importer(815301076,1909f56bfc062723c751e8b465ee728b)  -> (artifact id: '4136e9bd1e71da7787b4280ae7f0828b') in 0.028810 seconds 
  Import took 0.032197 seconds .

========================================================================
Received Import Request.
  Time since last request: 0.000135 seconds.
  path: Assets/SkyBox/cubemap 1.png
  artifactKey: Guid(8d85ffb243ba4224da774aed57fa5609) Importer(815301076,1909f56bfc062723c751e8b465ee728b)
Start importing Assets/SkyBox/cubemap 1.png using Guid(8d85ffb243ba4224da774aed57fa5609) Importer(815301076,1909f56bfc062723c751e8b465ee728b)  -> (artifact id: '83e50f6817ce4f652b70dde2e34e0061') in 0.025239 seconds 
  Import took 0.028495 seconds .

========================================================================
Received Import Request.
  Time since last request: 0.000122 seconds.
  path: Assets/SkyBox/top 2.png
  artifactKey: Guid(184101f0ef3f77541a2cef41883a6591) Importer(815301076,1909f56bfc062723c751e8b465ee728b)
Start importing Assets/SkyBox/top 2.png using Guid(184101f0ef3f77541a2cef41883a6591) Importer(815301076,1909f56bfc062723c751e8b465ee728b)  -> (artifact id: 'e468449a7fd4c0f72897311bb1024f7d') in 0.018349 seconds 
  Import took 0.021531 seconds .

========================================================================
Received Import Request.
  Time since last request: 0.000137 seconds.
  path: Assets/SkyBox/front 1.png
  artifactKey: Guid(d887d6fb76b209f49a94a4dbb14c94a9) Importer(815301076,1909f56bfc062723c751e8b465ee728b)
Start importing Assets/SkyBox/front 1.png using Guid(d887d6fb76b209f49a94a4dbb14c94a9) Importer(815301076,1909f56bfc062723c751e8b465ee728b)  -> (artifact id: 'a4c7fa4046d661cad948de0c83e672f5') in 0.017053 seconds 
  Import took 0.020611 seconds .

========================================================================
Received Import Request.
  Time since last request: 0.000174 seconds.
  path: Assets/SkyBox/front.png
  artifactKey: Guid(1d098954e48e7e54381a3b36927a988f) Importer(815301076,1909f56bfc062723c751e8b465ee728b)
Start importing Assets/SkyBox/front.png using Guid(1d098954e48e7e54381a3b36927a988f) Importer(815301076,1909f56bfc062723c751e8b465ee728b)  -> (artifact id: '054904bdcfe5fbd5346de5734bf2b6c5') in 0.018712 seconds 
  Import took 0.022402 seconds .

========================================================================
Received Import Request.
  Time since last request: 0.000151 seconds.
  path: Assets/SkyBox/right 2.png
  artifactKey: Guid(5705434515633ef44935e7e96563e470) Importer(815301076,1909f56bfc062723c751e8b465ee728b)
Start importing Assets/SkyBox/right 2.png using Guid(5705434515633ef44935e7e96563e470) Importer(815301076,1909f56bfc062723c751e8b465ee728b)  -> (artifact id: '937746c5d0ffe4720e8e839fcb119367') in 0.009056 seconds 
  Import took 0.012730 seconds .

========================================================================
Received Import Request.
  Time since last request: 0.000128 seconds.
  path: Assets/SkyBox/cubemap.png
  artifactKey: Guid(c9ace98406161a84a8ed857d0cc9d631) Importer(815301076,1909f56bfc062723c751e8b465ee728b)
Start importing Assets/SkyBox/cubemap.png using Guid(c9ace98406161a84a8ed857d0cc9d631) Importer(815301076,1909f56bfc062723c751e8b465ee728b)  -> (artifact id: '09db5c0e01c23049692664e08c5e22fb') in 0.016106 seconds 
  Import took 0.019684 seconds .

========================================================================
Received Import Request.
  Time since last request: 0.000190 seconds.
  path: Assets/SkyBox/bottom 2.png
  artifactKey: Guid(9359372a9c62e8742ac9e39a646afea9) Importer(815301076,1909f56bfc062723c751e8b465ee728b)
Start importing Assets/SkyBox/bottom 2.png using Guid(9359372a9c62e8742ac9e39a646afea9) Importer(815301076,1909f56bfc062723c751e8b465ee728b)  -> (artifact id: '7b273ed7fbfcf9ac29535324fcf504fb') in 0.007756 seconds 
  Import took 0.011194 seconds .

========================================================================
Received Import Request.
  Time since last request: 0.000150 seconds.
  path: Assets/SkyBox/top 1.png
  artifactKey: Guid(8b12b5a4a150b694998cfcc50cf459d7) Importer(815301076,1909f56bfc062723c751e8b465ee728b)
Start importing Assets/SkyBox/top 1.png using Guid(8b12b5a4a150b694998cfcc50cf459d7) Importer(815301076,1909f56bfc062723c751e8b465ee728b)  -> (artifact id: 'a28e8647c03e0c9e824f66b30b78c751') in 0.013434 seconds 
  Import took 0.016899 seconds .

========================================================================
Received Import Request.
  Time since last request: 0.000145 seconds.
  path: Assets/SkyBox/left 1.png
  artifactKey: Guid(aa0af65dfa176cb499d01f21aba1eb61) Importer(815301076,1909f56bfc062723c751e8b465ee728b)
Start importing Assets/SkyBox/left 1.png using Guid(aa0af65dfa176cb499d01f21aba1eb61) Importer(815301076,1909f56bfc062723c751e8b465ee728b)  -> (artifact id: '4acac728eef73ee3dedcc068880b7203') in 0.014412 seconds 
  Import took 0.017687 seconds .

========================================================================
Received Import Request.
  Time since last request: 0.000132 seconds.
  path: Assets/SkyBox/left 2.png
  artifactKey: Guid(215f14d3418477b428146e75b09bdc0a) Importer(815301076,1909f56bfc062723c751e8b465ee728b)
Start importing Assets/SkyBox/left 2.png using Guid(215f14d3418477b428146e75b09bdc0a) Importer(815301076,1909f56bfc062723c751e8b465ee728b)  -> (artifact id: '0b565e24a4273016e2288275f5497007') in 0.007788 seconds 
  Import took 0.011199 seconds .

========================================================================
Received Import Request.
  Time since last request: 0.000144 seconds.
  path: Assets/SkyBox/front 2.png
  artifactKey: Guid(e169fd9d186e85247b31dd97fa25b9be) Importer(815301076,1909f56bfc062723c751e8b465ee728b)
Start importing Assets/SkyBox/front 2.png using Guid(e169fd9d186e85247b31dd97fa25b9be) Importer(815301076,1909f56bfc062723c751e8b465ee728b)  -> (artifact id: '22d37ee78258a1bf1acb1dcdbc396c5d') in 0.007908 seconds 
  Import took 0.011607 seconds .

========================================================================
Received Import Request.
  Time since last request: 0.000156 seconds.
  path: Assets/SkyBox/back.png
  artifactKey: Guid(c1fe36d184e48874e93bd56f8028076f) Importer(815301076,1909f56bfc062723c751e8b465ee728b)
Start importing Assets/SkyBox/back.png using Guid(c1fe36d184e48874e93bd56f8028076f) Importer(815301076,1909f56bfc062723c751e8b465ee728b)  -> (artifact id: 'ba01c0046805f6de591030e820c23745') in 0.013485 seconds 
  Import took 0.017276 seconds .

========================================================================
Received Import Request.
  Time since last request: 0.000174 seconds.
  path: Assets/SkyBox/right 1.png
  artifactKey: Guid(405d02a7c66b41142a3fb9797d369899) Importer(815301076,1909f56bfc062723c751e8b465ee728b)
Start importing Assets/SkyBox/right 1.png using Guid(405d02a7c66b41142a3fb9797d369899) Importer(815301076,1909f56bfc062723c751e8b465ee728b)  -> (artifact id: 'b9105b82edef2bdca0faca7e033726db') in 0.013334 seconds 
  Import took 0.016679 seconds .

========================================================================
Received Import Request.
  Time since last request: 0.000170 seconds.
  path: Assets/SkyBox/right.png
  artifactKey: Guid(117edf78bc1174748b155890575c66b5) Importer(815301076,1909f56bfc062723c751e8b465ee728b)
Start importing Assets/SkyBox/right.png using Guid(117edf78bc1174748b155890575c66b5) Importer(815301076,1909f56bfc062723c751e8b465ee728b)  -> (artifact id: 'c380036efe4ab57cc90b80557e6fba74') in 0.012835 seconds 
  Import took 0.016861 seconds .

========================================================================
Received Prepare
Registering precompiled user dll's ...
Registered in 0.003941 seconds.
Begin MonoManager ReloadAssembly
Native extension for WindowsStandalone target not found
Native extension for OSXStandalone target not found
Native extension for WebGL target not found
Refreshing native plugins compatible for Editor in 0.47 ms, found 2 plugins.
Preloading 0 native plugins for Editor in 0.00 ms.
Mono: successfully reloaded assembly
- Completed reload, in  0.817 seconds
Domain Reload Profiling:
	ReloadAssembly (818ms)
		BeginReloadAssembly (96ms)
			ExecutionOrderSort (0ms)
			DisableScriptedObjects (5ms)
			BackupInstance (0ms)
			ReleaseScriptingObjects (0ms)
			CreateAndSetChildDomain (30ms)
		EndReloadAssembly (675ms)
			LoadAssemblies (76ms)
			RebuildTransferFunctionScriptingTraits (0ms)
			SetupTypeCache (232ms)
			ReleaseScriptCaches (1ms)
			RebuildScriptCaches (31ms)
			SetupLoadedEditorAssemblies (235ms)
				LogAssemblyErrors (0ms)
				InitializePlatformSupportModulesInManaged (4ms)
				SetLoadedEditorAssemblies (0ms)
				RefreshPlugins (1ms)
				BeforeProcessingInitializeOnLoad (71ms)
				ProcessInitializeOnLoadAttributes (146ms)
				ProcessInitializeOnLoadMethodAttributes (7ms)
				AfterProcessingInitializeOnLoad (6ms)
				EditorAssembliesLoaded (0ms)
			ExecutionOrderSort2 (0ms)
			AwakeInstancesAfterBackupRestoration (14ms)
Platform modules already initialized, skipping
Refreshing native plugins compatible for Editor in 0.59 ms, found 2 plugins.
Preloading 0 native plugins for Editor in 0.00 ms.
Unloading 2703 Unused Serialized files (Serialized files now loaded: 0)
System memory in use before: 128.0 MB.
System memory in use after: 128.3 MB.

Unloading 15 unused Assets to reduce memory usage. Loaded Objects now: 3459.
Total: 3.726600 ms (FindLiveObjects: 0.268700 ms CreateObjectMapping: 0.138100 ms MarkObjects: 3.295600 ms  DeleteObjects: 0.022700 ms)

AssetImportParameters requested are different than current active one (requested -> active):
  custom:framework-win-MediaFoundation: 216162199b28c13a410421893ffa2e32 -> 
  custom:video-decoder-ogg-theora: a1e56fd34408186e4bbccfd4996cb3dc -> 
  custom:container-muxer-webm: aa71ff27fc2769a1b78a27578f13a17b -> 
  custom:container-demuxer-webm: 4f35f7cbe854078d1ac9338744f61a02 -> 
  custom:container-demuxer-ogg: 62fdf1f143b41e24485cea50d1cbac27 -> 
  custom:video-encoder-webm-vp8: eb34c28f22e8b96e1ab97ce403110664 -> 
  custom:video-codec-MediaFoundation-h265: 746d11721c4dcdbdad8f713fa42b33f4 -> 
  custom:video-decoder-webm-vp8: 9c59270c3fd7afecdb556c50c9e8de78 -> 
  custom:audio-decoder-ogg-vorbis: bf7c407c2cedff20999df2af8eb42d56 -> 
  custom:audio-encoder-webm-vorbis: bf7c407c2cedff20999df2af8eb42d56 -> 
========================================================================
Received Import Request.
  Time since last request: 1758.883480 seconds.
  path: Assets/Models/EmissiveRed.mat
  artifactKey: Guid(11ab8b1097c1b8d488fe6554d80b25e5) Importer(815301076,1909f56bfc062723c751e8b465ee728b)
Start importing Assets/Models/EmissiveRed.mat using Guid(11ab8b1097c1b8d488fe6554d80b25e5) Importer(815301076,1909f56bfc062723c751e8b465ee728b)  -> (artifact id: '225c5300659da1cd716f19a16dfd32f1') in 0.130065 seconds 
  Import took 0.134288 seconds .

========================================================================
Received Import Request.
  Time since last request: 364.977873 seconds.
  path: Packages/com.unity.render-pipelines.universal/Shaders/Unity.RenderPipelines.Universal.Shaders.asmdef
  artifactKey: Guid(b4517ec124862cb4bb3b8b27d72843a6) Importer(815301076,1909f56bfc062723c751e8b465ee728b)
Start importing Packages/com.unity.render-pipelines.universal/Shaders/Unity.RenderPipelines.Universal.Shaders.asmdef using Guid(b4517ec124862cb4bb3b8b27d72843a6) Importer(815301076,1909f56bfc062723c751e8b465ee728b)  -> (artifact id: '6dcf4ccd8f62beca0655b25cff49bc89') in 0.006486 seconds 
  Import took 0.010780 seconds .

========================================================================
Received Import Request.
  Time since last request: 0.000178 seconds.
  path: Packages/com.unity.render-pipelines.universal/Shaders/Lit.shader
  artifactKey: Guid(933532a4fcc9baf4fa0491de14d08ed7) Importer(815301076,1909f56bfc062723c751e8b465ee728b)
Start importing Packages/com.unity.render-pipelines.universal/Shaders/Lit.shader using Guid(933532a4fcc9baf4fa0491de14d08ed7) Importer(815301076,1909f56bfc062723c751e8b465ee728b)  -> (artifact id: '3074bed8423caf04b4cdce9b5de14e40') in 0.006717 seconds 
  Import took 0.010147 seconds .

========================================================================
Received Import Request.
  Time since last request: 12.296757 seconds.
  path: Packages/com.unity.render-pipelines.universal/Shaders/LitForwardPass.hlsl
  artifactKey: Guid(116bd973269b9f741b7177c8523b9e50) Importer(815301076,1909f56bfc062723c751e8b465ee728b)
Start importing Packages/com.unity.render-pipelines.universal/Shaders/LitForwardPass.hlsl using Guid(116bd973269b9f741b7177c8523b9e50) Importer(815301076,1909f56bfc062723c751e8b465ee728b)  -> (artifact id: '6443f278bc9b70c174f0d8dedc6a1f3e') in 0.006906 seconds 
  Import took 0.010780 seconds .

========================================================================
Received Import Request.
  Time since last request: 31.105848 seconds.
  path: Assets/Flashlight/Flashlight_Gold/Textures/FlashLight_DFopac.tga
  artifactKey: Guid(cf64c9ca3b5d59948b24b2bbfc7de172) Importer(815301076,1909f56bfc062723c751e8b465ee728b)
Start importing Assets/Flashlight/Flashlight_Gold/Textures/FlashLight_DFopac.tga using Guid(cf64c9ca3b5d59948b24b2bbfc7de172) Importer(815301076,1909f56bfc062723c751e8b465ee728b)  -> (artifact id: '1a3b1da2912868ed60ab8541247e0fbb') in 0.103086 seconds 
  Import took 0.106548 seconds .

========================================================================
Received Import Request.
  Time since last request: 0.000167 seconds.
  path: Assets/Flashlight/Flashlight_Gold/Textures/FlashLight_SpecGlossA.tga
  artifactKey: Guid(e24274bffd57fe64b9d132bb24d5e9b1) Importer(815301076,1909f56bfc062723c751e8b465ee728b)
Start importing Assets/Flashlight/Flashlight_Gold/Textures/FlashLight_SpecGlossA.tga using Guid(e24274bffd57fe64b9d132bb24d5e9b1) Importer(815301076,1909f56bfc062723c751e8b465ee728b)  -> (artifact id: '13af04be6614cfe518e1bb63b21ea76d') in 0.015556 seconds 
  Import took 0.018976 seconds .

========================================================================
Received Import Request.
  Time since last request: 0.000127 seconds.
  path: Assets/Flashlight/Flashlight_Gold/Textures/FlashLight_SpecGlossAGold.tga
  artifactKey: Guid(35016636b78f2c44ebb0b01130e4e895) Importer(815301076,1909f56bfc062723c751e8b465ee728b)
Start importing Assets/Flashlight/Flashlight_Gold/Textures/FlashLight_SpecGlossAGold.tga using Guid(35016636b78f2c44ebb0b01130e4e895) Importer(815301076,1909f56bfc062723c751e8b465ee728b)  -> (artifact id: 'ad9aca1be158e30c0119b2f678c9a4b1') in 0.032438 seconds 
  Import took 0.035764 seconds .

========================================================================
Received Import Request.
  Time since last request: 0.000124 seconds.
  path: Assets/Flashlight/Flashlight_Gold/Textures/FlashLight_NM.png
  artifactKey: Guid(b2de17c8cce784e4884c408f008d8311) Importer(815301076,1909f56bfc062723c751e8b465ee728b)
Start importing Assets/Flashlight/Flashlight_Gold/Textures/FlashLight_NM.png using Guid(b2de17c8cce784e4884c408f008d8311) Importer(815301076,1909f56bfc062723c751e8b465ee728b)  -> (artifact id: '48e42b5bef94ba688287e3423488f620') in 0.022610 seconds 
  Import took 0.025768 seconds .

========================================================================
Received Import Request.
  Time since last request: 0.000130 seconds.
  path: Assets/Flashlight/Flashlight_Gold/Textures/FlashLight_DFopac_Color.tga
  artifactKey: Guid(e8a291073274e564c812f583317376bc) Importer(815301076,1909f56bfc062723c751e8b465ee728b)
Start importing Assets/Flashlight/Flashlight_Gold/Textures/FlashLight_DFopac_Color.tga using Guid(e8a291073274e564c812f583317376bc) Importer(815301076,1909f56bfc062723c751e8b465ee728b)  -> (artifact id: '83df6f4d0422b21a43c1e7e9ad898491') in 0.018641 seconds 
  Import took 0.021948 seconds .

AssetImportWorkerClient::OnTransportError - code=2 error=End of file
